Read 48 backbone atoms in hairpin.pol
Read 84 rotamers for sidechains
There are 1 disjoint chains in the system.
There are 132 atoms
There are 132 atom types
Read potential from hairpin.pot
Global hardcore = 1.000000
Global imin = 3
Read 15 pair interaction in potential file
Step = 10000	E=5.917526	ok=1	T=1.000000
Step = 20000	E=15.203644	ok=1	T=1.000000
Step = 30000	E=14.926029	ok=1	T=1.000000
Step = 40000	E=18.834100	ok=1	T=1.000000
Step = 50000	E=15.771855	ok=1	T=1.000000
Step = 60000	E=16.109413	ok=1	T=1.000000
Step = 70000	E=17.465275	ok=0	T=1.000000
Step = 80000	E=28.474404	ok=1	T=1.000000
Step = 90000	E=24.264027	ok=1	T=1.000000
Step = 100000	E=31.684632	ok=1	T=1.000000
Step = 110000	E=23.235718	ok=1	T=1.000000
Step = 120000	E=21.611509	ok=1	T=1.000000
Step = 130000	E=27.313565	ok=1	T=1.000000
Step = 140000	E=26.034950	ok=1	T=1.000000
Step = 150000	E=29.570059	ok=1	T=1.000000
Step = 160000	E=30.501583	ok=1	T=1.000000
Step = 170000	E=42.476304	ok=1	T=1.000000
Step = 180000	E=37.518522	ok=1	T=1.000000
Step = 190000	E=35.655664	ok=1	T=1.000000
Step = 200000	E=35.631443	ok=1	T=1.000000
Step = 210000	E=40.815288	ok=1	T=1.000000
Step = 220000	E=32.220092	ok=1	T=1.000000
Step = 230000	E=40.505798	ok=1	T=1.000000
Step = 240000	E=43.095358	ok=1	T=1.000000
Step = 250000	E=40.388829	ok=1	T=1.000000
Step = 260000	E=52.324125	ok=1	T=1.000000
Step = 270000	E=39.890509	ok=1	T=1.000000
Step = 280000	E=49.888210	ok=1	T=1.000000
Step = 290000	E=41.468548	ok=1	T=1.000000
Step = 300000	E=35.559442	ok=1	T=1.000000
Step = 310000	E=34.418210	ok=1	T=1.000000
Step = 320000	E=31.954438	ok=1	T=1.000000
Step = 330000	E=36.790510	ok=1	T=1.000000
Step = 340000	E=27.337175	ok=1	T=1.000000
Step = 350000	E=37.023455	ok=1	T=1.000000
Step = 360000	E=39.637956	ok=1	T=1.000000
Step = 370000	E=35.035982	ok=1	T=1.000000
Step = 380000	E=28.346250	ok=1	T=1.000000
Step = 390000	E=22.878509	ok=1	T=1.000000
Step = 400000	E=30.135850	ok=1	T=1.000000
Step = 410000	E=32.472581	ok=1	T=1.000000
Step = 420000	E=23.340947	ok=1	T=1.000000
Step = 430000	E=22.200699	ok=1	T=1.000000
Step = 440000	E=22.835601	ok=1	T=1.000000
Step = 450000	E=22.440489	ok=1	T=1.000000
Step = 460000	E=21.751867	ok=0	T=1.000000
Step = 470000	E=27.500977	ok=1	T=1.000000
Step = 480000	E=25.480976	ok=1	T=1.000000
Step = 490000	E=10.536569	ok=1	T=1.000000
Step = 500000	E=13.024901	ok=1	T=1.000000
Step = 510000	E=13.467872	ok=1	T=1.000000
Step = 520000	E=18.324688	ok=1	T=1.000000
Step = 530000	E=25.364244	ok=1	T=1.000000
Step = 540000	E=30.956152	ok=1	T=1.000000
Step = 550000	E=29.484099	ok=1	T=1.000000
Step = 560000	E=28.269554	ok=1	T=1.000000
Step = 570000	E=24.383887	ok=1	T=1.000000
Step = 580000	E=34.132319	ok=1	T=1.000000
Step = 590000	E=22.093687	ok=1	T=1.000000
Step = 600000	E=25.205562	ok=1	T=1.000000
Step = 610000	E=22.948476	ok=1	T=1.000000
Step = 620000	E=23.787497	ok=1	T=1.000000
Step = 630000	E=22.096558	ok=1	T=1.000000
Step = 640000	E=34.149627	ok=1	T=1.000000
Step = 650000	E=39.302559	ok=1	T=1.000000
Step = 660000	E=35.127755	ok=1	T=1.000000
Step = 670000	E=37.812115	ok=1	T=1.000000
Step = 680000	E=38.323858	ok=1	T=1.000000
Step = 690000	E=39.948655	ok=1	T=1.000000
Step = 700000	E=40.911391	ok=1	T=1.000000
Step = 710000	E=43.262839	ok=1	T=1.000000
Step = 720000	E=45.615111	ok=1	T=1.000000
Step = 730000	E=41.908936	ok=1	T=1.000000
Step = 740000	E=48.601856	ok=1	T=1.000000
Step = 750000	E=43.849484	ok=1	T=1.000000
Step = 760000	E=35.395227	ok=1	T=1.000000
Step = 770000	E=40.295646	ok=1	T=1.000000
Step = 780000	E=37.852299	ok=1	T=1.000000
Step = 790000	E=30.071223	ok=1	T=1.000000
Step = 800000	E=27.580877	ok=1	T=1.000000
Step = 810000	E=31.765138	ok=1	T=1.000000
Step = 820000	E=38.436581	ok=1	T=1.000000
Step = 830000	E=46.128694	ok=1	T=1.000000
Step = 840000	E=33.969679	ok=1	T=1.000000
Step = 850000	E=35.201131	ok=1	T=1.000000
Step = 860000	E=32.201995	ok=1	T=1.000000
Step = 870000	E=25.600390	ok=1	T=1.000000
Step = 880000	E=27.023865	ok=1	T=1.000000
Step = 890000	E=35.765480	ok=1	T=1.000000
Step = 900000	E=30.277038	ok=1	T=1.000000
Step = 910000	E=29.542014	ok=1	T=1.000000
Step = 920000	E=34.237266	ok=1	T=1.000000
Step = 930000	E=30.632776	ok=1	T=1.000000
Step = 940000	E=31.794704	ok=1	T=1.000000
Step = 950000	E=32.659365	ok=1	T=1.000000
Step = 960000	E=30.075904	ok=1	T=1.000000
Step = 970000	E=33.862369	ok=1	T=1.000000
Step = 980000	E=35.797522	ok=1	T=1.000000
Step = 990000	E=31.566781	ok=1	T=1.000000
Step = 1000000	E=33.515683	ok=1	T=1.000000
Step = 1010000	E=30.942135	ok=1	T=1.000000
Step = 1020000	E=26.601562	ok=1	T=1.000000
Step = 1030000	E=19.735794	ok=1	T=1.000000
Step = 1040000	E=22.870987	ok=1	T=1.000000
Step = 1050000	E=19.853083	ok=1	T=1.000000
Step = 1060000	E=22.130784	ok=1	T=1.000000
Step = 1070000	E=14.303817	ok=1	T=1.000000
Step = 1080000	E=20.528277	ok=1	T=1.000000
Step = 1090000	E=31.489360	ok=1	T=1.000000
Step = 1100000	E=23.788572	ok=1	T=1.000000
Step = 1110000	E=21.692160	ok=1	T=1.000000
Step = 1120000	E=17.527404	ok=1	T=1.000000
Step = 1130000	E=26.131113	ok=1	T=1.000000
Step = 1140000	E=23.632298	ok=1	T=1.000000
Step = 1150000	E=20.799065	ok=1	T=1.000000
Step = 1160000	E=12.379583	ok=1	T=1.000000
Step = 1170000	E=13.682792	ok=1	T=1.000000
Step = 1180000	E=14.773155	ok=1	T=1.000000
Step = 1190000	E=14.828357	ok=1	T=1.000000
Step = 1200000	E=17.958911	ok=1	T=1.000000
Step = 1210000	E=15.246761	ok=1	T=1.000000
Step = 1220000	E=20.350449	ok=1	T=1.000000
Step = 1230000	E=28.645984	ok=1	T=1.000000
Step = 1240000	E=21.463701	ok=1	T=1.000000
Step = 1250000	E=31.042843	ok=1	T=1.000000
Step = 1260000	E=22.470692	ok=1	T=1.000000
Step = 1270000	E=34.378277	ok=1	T=1.000000
Step = 1280000	E=37.065608	ok=1	T=1.000000
Step = 1290000	E=43.643125	ok=1	T=1.000000
Step = 1300000	E=41.454803	ok=1	T=1.000000
Step = 1310000	E=34.732723	ok=1	T=1.000000
Step = 1320000	E=28.548823	ok=1	T=1.000000
Step = 1330000	E=27.886695	ok=1	T=1.000000
Step = 1340000	E=24.201220	ok=1	T=1.000000
Step = 1350000	E=28.677344	ok=1	T=1.000000
Step = 1360000	E=30.105126	ok=1	T=1.000000
Step = 1370000	E=37.061642	ok=1	T=1.000000
Step = 1380000	E=34.998285	ok=1	T=1.000000
Step = 1390000	E=29.962963	ok=1	T=1.000000
Step = 1400000	E=30.372958	ok=1	T=1.000000
Step = 1410000	E=34.783333	ok=1	T=1.000000
Step = 1420000	E=42.857631	ok=1	T=1.000000
Step = 1430000	E=39.677380	ok=1	T=1.000000
Step = 1440000	E=24.816516	ok=1	T=1.000000
Step = 1450000	E=22.545186	ok=1	T=1.000000
Step = 1460000	E=31.905637	ok=1	T=1.000000
Step = 1470000	E=23.393648	ok=1	T=1.000000
Step = 1480000	E=26.266290	ok=1	T=1.000000
Step = 1490000	E=25.333782	ok=1	T=1.000000
Step = 1500000	E=28.493425	ok=1	T=1.000000
Step = 1510000	E=33.735157	ok=1	T=1.000000
Step = 1520000	E=36.195627	ok=1	T=1.000000
Step = 1530000	E=39.827241	ok=1	T=1.000000
Step = 1540000	E=40.025875	ok=1	T=1.000000
Step = 1550000	E=33.438013	ok=1	T=1.000000
Step = 1560000	E=32.359996	ok=1	T=1.000000
Step = 1570000	E=36.897160	ok=1	T=1.000000
Step = 1580000	E=28.726330	ok=1	T=1.000000
Step = 1590000	E=33.380418	ok=1	T=1.000000
Step = 1600000	E=34.402322	ok=1	T=1.000000
Step = 1610000	E=40.479054	ok=1	T=1.000000
Step = 1620000	E=42.394382	ok=1	T=1.000000
Step = 1630000	E=38.127558	ok=1	T=1.000000
Step = 1640000	E=37.132410	ok=1	T=1.000000
Step = 1650000	E=40.647908	ok=1	T=1.000000
Step = 1660000	E=32.057131	ok=1	T=1.000000
Step = 1670000	E=31.505284	ok=1	T=1.000000
Step = 1680000	E=33.025850	ok=1	T=1.000000
Step = 1690000	E=43.495084	ok=1	T=1.000000
Step = 1700000	E=36.213927	ok=1	T=1.000000
Step = 1710000	E=40.202367	ok=1	T=1.000000
Step = 1720000	E=35.028407	ok=1	T=1.000000
Step = 1730000	E=32.646696	ok=1	T=1.000000
Step = 1740000	E=32.652653	ok=1	T=1.000000
Step = 1750000	E=33.454994	ok=1	T=1.000000
Step = 1760000	E=34.737570	ok=1	T=1.000000
Step = 1770000	E=32.646512	ok=1	T=1.000000
Step = 1780000	E=30.200642	ok=1	T=1.000000
Step = 1790000	E=23.338114	ok=1	T=1.000000
Step = 1800000	E=25.862777	ok=1	T=1.000000
Step = 1810000	E=31.060411	ok=1	T=1.000000
Step = 1820000	E=30.034220	ok=1	T=1.000000
Step = 1830000	E=31.863651	ok=1	T=1.000000
Step = 1840000	E=33.059508	ok=1	T=1.000000
Step = 1850000	E=24.205106	ok=1	T=1.000000
Step = 1860000	E=27.308593	ok=1	T=1.000000
Step = 1870000	E=33.376386	ok=1	T=1.000000
Step = 1880000	E=31.461338	ok=1	T=1.000000
Step = 1890000	E=36.107550	ok=1	T=1.000000
Step = 1900000	E=40.284879	ok=1	T=1.000000
Step = 1910000	E=36.050033	ok=1	T=1.000000
Step = 1920000	E=34.995522	ok=1	T=1.000000
Step = 1930000	E=39.439245	ok=1	T=1.000000
Step = 1940000	E=34.670876	ok=1	T=1.000000
Step = 1950000	E=31.640951	ok=1	T=1.000000
Step = 1960000	E=43.847606	ok=1	T=1.000000
Step = 1970000	E=38.836267	ok=1	T=1.000000
Step = 1980000	E=39.951192	ok=1	T=1.000000
Step = 1990000	E=33.570691	ok=1	T=1.000000
Step = 2000000	E=32.707362	ok=1	T=1.000000
Step = 2010000	E=37.705564	ok=1	T=1.000000
Step = 2020000	E=38.017705	ok=1	T=1.000000
Step = 2030000	E=37.287292	ok=1	T=1.000000
Step = 2040000	E=31.129341	ok=1	T=1.000000
Step = 2050000	E=38.330343	ok=1	T=1.000000
Step = 2060000	E=39.892966	ok=1	T=1.000000
Step = 2070000	E=40.163138	ok=1	T=1.000000
Step = 2080000	E=32.869178	ok=1	T=1.000000
Step = 2090000	E=36.607876	ok=1	T=1.000000
Step = 2100000	E=27.352260	ok=1	T=1.000000
Step = 2110000	E=30.278037	ok=1	T=1.000000
Step = 2120000	E=24.833835	ok=1	T=1.000000
Step = 2130000	E=25.487830	ok=1	T=1.000000
Step = 2140000	E=29.641643	ok=1	T=1.000000
Step = 2150000	E=30.371771	ok=1	T=1.000000
Step = 2160000	E=27.517446	ok=1	T=1.000000
Step = 2170000	E=32.449584	ok=1	T=1.000000
Step = 2180000	E=23.803143	ok=1	T=1.000000
Step = 2190000	E=32.002717	ok=1	T=1.000000
Step = 2200000	E=28.644242	ok=1	T=1.000000
Step = 2210000	E=24.244334	ok=1	T=1.000000
Step = 2220000	E=40.185115	ok=1	T=1.000000
Step = 2230000	E=23.512704	ok=1	T=1.000000
Step = 2240000	E=19.274475	ok=1	T=1.000000
Step = 2250000	E=20.135619	ok=1	T=1.000000
Step = 2260000	E=26.571548	ok=1	T=1.000000
Step = 2270000	E=25.108758	ok=1	T=1.000000
Step = 2280000	E=25.438041	ok=1	T=1.000000
Step = 2290000	E=30.097627	ok=1	T=1.000000
Step = 2300000	E=19.292910	ok=1	T=1.000000
Step = 2310000	E=12.061045	ok=1	T=1.000000
Step = 2320000	E=17.257947	ok=1	T=1.000000
Step = 2330000	E=19.638218	ok=1	T=1.000000
Step = 2340000	E=15.288208	ok=1	T=1.000000
Step = 2350000	E=21.727954	ok=1	T=1.000000
Step = 2360000	E=23.186841	ok=1	T=1.000000
Step = 2370000	E=23.046571	ok=1	T=1.000000
Step = 2380000	E=29.652173	ok=1	T=1.000000
Step = 2390000	E=27.740406	ok=1	T=1.000000
Step = 2400000	E=26.197420	ok=1	T=1.000000
Step = 2410000	E=37.048881	ok=1	T=1.000000
Step = 2420000	E=39.214609	ok=1	T=1.000000
Step = 2430000	E=36.142680	ok=1	T=1.000000
Step = 2440000	E=28.776116	ok=1	T=1.000000
Step = 2450000	E=26.024282	ok=1	T=1.000000
Step = 2460000	E=21.953815	ok=1	T=1.000000
Step = 2470000	E=21.016974	ok=1	T=1.000000
Step = 2480000	E=16.144386	ok=1	T=1.000000
Step = 2490000	E=24.552764	ok=1	T=1.000000
Step = 2500000	E=20.963765	ok=1	T=1.000000
Step = 2510000	E=36.751660	ok=1	T=1.000000
Step = 2520000	E=27.433547	ok=1	T=1.000000
Step = 2530000	E=21.681429	ok=1	T=1.000000
Step = 2540000	E=19.387929	ok=1	T=1.000000
Step = 2550000	E=21.396120	ok=1	T=1.000000
Step = 2560000	E=19.372245	ok=1	T=1.000000
Step = 2570000	E=16.114906	ok=1	T=1.000000
Step = 2580000	E=16.842484	ok=1	T=1.000000
Step = 2590000	E=13.360942	ok=1	T=1.000000
Step = 2600000	E=24.646574	ok=1	T=1.000000
Step = 2610000	E=27.832104	ok=1	T=1.000000
Step = 2620000	E=22.802749	ok=1	T=1.000000
Step = 2630000	E=21.717611	ok=1	T=1.000000
Step = 2640000	E=20.823557	ok=1	T=1.000000
Step = 2650000	E=22.486764	ok=1	T=1.000000
Step = 2660000	E=26.632390	ok=1	T=1.000000
Step = 2670000	E=21.710615	ok=1	T=1.000000
Step = 2680000	E=20.693510	ok=1	T=1.000000
Step = 2690000	E=9.160080	ok=1	T=1.000000
Step = 2700000	E=9.305038	ok=1	T=1.000000
Step = 2710000	E=7.232242	ok=1	T=1.000000
Step = 2720000	E=15.869600	ok=1	T=1.000000
Step = 2730000	E=10.545102	ok=1	T=1.000000
Step = 2740000	E=10.792058	ok=1	T=1.000000
Step = 2750000	E=2.200108	ok=1	T=1.000000
Step = 2760000	E=12.266384	ok=1	T=1.000000
Step = 2770000	E=16.012897	ok=1	T=1.000000
Step = 2780000	E=20.849106	ok=1	T=1.000000
Step = 2790000	E=13.393299	ok=1	T=1.000000
Step = 2800000	E=10.394014	ok=1	T=1.000000
Step = 2810000	E=2.197833	ok=1	T=1.000000
Step = 2820000	E=7.953165	ok=0	T=1.000000
Step = 2830000	E=13.128041	ok=1	T=1.000000
Step = 2840000	E=22.166001	ok=1	T=1.000000
Step = 2850000	E=21.287509	ok=1	T=1.000000
Step = 2860000	E=27.833261	ok=1	T=1.000000
Step = 2870000	E=35.217268	ok=1	T=1.000000
Step = 2880000	E=25.408524	ok=1	T=1.000000
Step = 2890000	E=34.466379	ok=1	T=1.000000
Step = 2900000	E=31.892562	ok=1	T=1.000000
Step = 2910000	E=25.285771	ok=1	T=1.000000
Step = 2920000	E=26.943739	ok=1	T=1.000000
Step = 2930000	E=27.618386	ok=1	T=1.000000
Step = 2940000	E=21.635608	ok=1	T=1.000000
Step = 2950000	E=11.774505	ok=1	T=1.000000
Step = 2960000	E=24.760136	ok=1	T=1.000000
Step = 2970000	E=16.992287	ok=1	T=1.000000
Step = 2980000	E=25.203028	ok=1	T=1.000000
Step = 2990000	E=23.312838	ok=1	T=1.000000
Step = 3000000	E=21.775594	ok=1	T=1.000000
Step = 3010000	E=14.561962	ok=1	T=1.000000
Step = 3020000	E=16.693032	ok=1	T=1.000000
Step = 3030000	E=17.062052	ok=1	T=1.000000
Step = 3040000	E=16.748388	ok=1	T=1.000000
Step = 3050000	E=23.793490	ok=1	T=1.000000
Step = 3060000	E=15.482809	ok=1	T=1.000000
Step = 3070000	E=22.216276	ok=1	T=1.000000
Step = 3080000	E=33.930320	ok=1	T=1.000000
Step = 3090000	E=22.765027	ok=1	T=1.000000
Step = 3100000	E=19.891226	ok=1	T=1.000000
Step = 3110000	E=21.237290	ok=1	T=1.000000
Step = 3120000	E=20.142522	ok=1	T=1.000000
Step = 3130000	E=17.209475	ok=1	T=1.000000
Step = 3140000	E=17.382730	ok=1	T=1.000000
Step = 3150000	E=18.941626	ok=1	T=1.000000
Step = 3160000	E=22.452804	ok=1	T=1.000000
Step = 3170000	E=19.005500	ok=1	T=1.000000
Step = 3180000	E=27.255369	ok=1	T=1.000000
Step = 3190000	E=24.693291	ok=1	T=1.000000
Step = 3200000	E=18.988865	ok=1	T=1.000000
Step = 3210000	E=32.828778	ok=1	T=1.000000
Step = 3220000	E=28.140118	ok=1	T=1.000000
Step = 3230000	E=31.738741	ok=1	T=1.000000
Step = 3240000	E=26.955876	ok=1	T=1.000000
Step = 3250000	E=33.775005	ok=1	T=1.000000
Step = 3260000	E=35.525435	ok=1	T=1.000000
Step = 3270000	E=32.629047	ok=1	T=1.000000
Step = 3280000	E=37.409833	ok=1	T=1.000000
Step = 3290000	E=33.173605	ok=1	T=1.000000
Step = 3300000	E=28.186572	ok=0	T=1.000000
Step = 3310000	E=27.222222	ok=1	T=1.000000
Step = 3320000	E=24.148550	ok=1	T=1.000000
Step = 3330000	E=24.675016	ok=1	T=1.000000
Step = 3340000	E=23.778046	ok=1	T=1.000000
Step = 3350000	E=21.450727	ok=1	T=1.000000
Step = 3360000	E=27.373539	ok=1	T=1.000000
Step = 3370000	E=35.172747	ok=1	T=1.000000
Step = 3380000	E=28.000907	ok=1	T=1.000000
Step = 3390000	E=26.094051	ok=1	T=1.000000
Step = 3400000	E=27.234257	ok=1	T=1.000000
Step = 3410000	E=25.336410	ok=1	T=1.000000
Step = 3420000	E=27.287900	ok=1	T=1.000000
Step = 3430000	E=25.105891	ok=1	T=1.000000
Step = 3440000	E=26.883829	ok=1	T=1.000000
Step = 3450000	E=25.811777	ok=1	T=1.000000
Step = 3460000	E=25.514337	ok=1	T=1.000000
Step = 3470000	E=25.062186	ok=0	T=1.000000
Step = 3480000	E=31.790004	ok=1	T=1.000000
Step = 3490000	E=27.357068	ok=1	T=1.000000
Step = 3500000	E=19.093891	ok=1	T=1.000000
Step = 3510000	E=23.381367	ok=1	T=1.000000
Step = 3520000	E=28.953223	ok=1	T=1.000000
Step = 3530000	E=34.049926	ok=1	T=1.000000
Step = 3540000	E=29.910562	ok=1	T=1.000000
Step = 3550000	E=26.390986	ok=1	T=1.000000
Step = 3560000	E=28.864285	ok=1	T=1.000000
Step = 3570000	E=32.198956	ok=1	T=1.000000
Step = 3580000	E=36.985909	ok=1	T=1.000000
Step = 3590000	E=40.778634	ok=1	T=1.000000
Step = 3600000	E=40.868896	ok=1	T=1.000000
Step = 3610000	E=41.028624	ok=1	T=1.000000
Step = 3620000	E=40.223634	ok=1	T=1.000000
Step = 3630000	E=33.883132	ok=1	T=1.000000
Step = 3640000	E=35.372607	ok=1	T=1.000000
Step = 3650000	E=32.036851	ok=1	T=1.000000
Step = 3660000	E=37.563643	ok=1	T=1.000000
Step = 3670000	E=33.676422	ok=1	T=1.000000
Step = 3680000	E=28.546033	ok=1	T=1.000000
Step = 3690000	E=27.252200	ok=1	T=1.000000
Step = 3700000	E=32.704315	ok=1	T=1.000000
Step = 3710000	E=32.327595	ok=1	T=1.000000
Step = 3720000	E=24.469845	ok=1	T=1.000000
Step = 3730000	E=24.132886	ok=1	T=1.000000
Step = 3740000	E=23.166708	ok=1	T=1.000000
Step = 3750000	E=24.490280	ok=1	T=1.000000
Step = 3760000	E=27.780235	ok=1	T=1.000000
Step = 3770000	E=29.447766	ok=1	T=1.000000
Step = 3780000	E=28.023440	ok=1	T=1.000000
Step = 3790000	E=21.670992	ok=1	T=1.000000
Step = 3800000	E=26.447449	ok=1	T=1.000000
Step = 3810000	E=21.713320	ok=1	T=1.000000
Step = 3820000	E=25.946495	ok=1	T=1.000000
Step = 3830000	E=23.174382	ok=1	T=1.000000
Step = 3840000	E=26.276776	ok=1	T=1.000000
Step = 3850000	E=35.274027	ok=1	T=1.000000
Step = 3860000	E=27.092718	ok=1	T=1.000000
Step = 3870000	E=32.301361	ok=1	T=1.000000
Step = 3880000	E=29.939625	ok=1	T=1.000000
Step = 3890000	E=31.110360	ok=1	T=1.000000
Step = 3900000	E=36.067717	ok=1	T=1.000000
Step = 3910000	E=28.156726	ok=1	T=1.000000
Step = 3920000	E=29.678785	ok=1	T=1.000000
Step = 3930000	E=24.552189	ok=1	T=1.000000
Step = 3940000	E=23.665699	ok=1	T=1.000000
Step = 3950000	E=19.556563	ok=1	T=1.000000
Step = 3960000	E=20.804134	ok=1	T=1.000000
Step = 3970000	E=21.091944	ok=1	T=1.000000
Step = 3980000	E=15.934988	ok=1	T=1.000000
Step = 3990000	E=10.885706	ok=1	T=1.000000
Step = 4000000	E=8.367845	ok=1	T=1.000000
Step = 4010000	E=9.612681	ok=1	T=1.000000
Step = 4020000	E=10.957281	ok=1	T=1.000000
Step = 4030000	E=14.424824	ok=1	T=1.000000
Step = 4040000	E=9.822178	ok=1	T=1.000000
Step = 4050000	E=9.433718	ok=0	T=1.000000
Step = 4060000	E=16.154154	ok=1	T=1.000000
Step = 4070000	E=10.424917	ok=1	T=1.000000
Step = 4080000	E=16.507009	ok=1	T=1.000000
Step = 4090000	E=5.395606	ok=1	T=1.000000
Step = 4100000	E=10.539605	ok=1	T=1.000000
Step = 4110000	E=12.499680	ok=1	T=1.000000
Step = 4120000	E=22.605476	ok=1	T=1.000000
Step = 4130000	E=14.972738	ok=1	T=1.000000
Step = 4140000	E=21.815395	ok=1	T=1.000000
Step = 4150000	E=19.481846	ok=0	T=1.000000
Step = 4160000	E=16.828507	ok=1	T=1.000000
Step = 4170000	E=21.473467	ok=1	T=1.000000
Step = 4180000	E=24.246193	ok=1	T=1.000000
Step = 4190000	E=17.108975	ok=1	T=1.000000
Step = 4200000	E=26.100360	ok=1	T=1.000000
Step = 4210000	E=13.199988	ok=1	T=1.000000
Step = 4220000	E=18.722583	ok=1	T=1.000000
Step = 4230000	E=17.109306	ok=1	T=1.000000
Step = 4240000	E=14.195123	ok=0	T=1.000000
Step = 4250000	E=8.471709	ok=1	T=1.000000
Step = 4260000	E=16.646185	ok=1	T=1.000000
Step = 4270000	E=20.575465	ok=1	T=1.000000
Step = 4280000	E=21.766987	ok=1	T=1.000000
Step = 4290000	E=22.039454	ok=1	T=1.000000
Step = 4300000	E=25.747572	ok=1	T=1.000000
Step = 4310000	E=16.858059	ok=1	T=1.000000
Step = 4320000	E=15.307993	ok=1	T=1.000000
Step = 4330000	E=18.048504	ok=1	T=1.000000
Step = 4340000	E=19.069787	ok=1	T=1.000000
Step = 4350000	E=22.222858	ok=1	T=1.000000
Step = 4360000	E=32.318272	ok=1	T=1.000000
Step = 4370000	E=32.307636	ok=1	T=1.000000
Step = 4380000	E=25.115614	ok=1	T=1.000000
Step = 4390000	E=17.357493	ok=1	T=1.000000
Step = 4400000	E=26.982117	ok=1	T=1.000000
Step = 4410000	E=24.176704	ok=1	T=1.000000
Step = 4420000	E=35.467529	ok=1	T=1.000000
Step = 4430000	E=26.248817	ok=1	T=1.000000
Step = 4440000	E=17.786977	ok=1	T=1.000000
Step = 4450000	E=14.257571	ok=1	T=1.000000
Step = 4460000	E=23.106650	ok=1	T=1.000000
Step = 4470000	E=16.924728	ok=1	T=1.000000
Step = 4480000	E=20.011981	ok=1	T=1.000000
Step = 4490000	E=23.218145	ok=1	T=1.000000
Step = 4500000	E=15.180066	ok=1	T=1.000000
Step = 4510000	E=25.236191	ok=1	T=1.000000
Step = 4520000	E=27.307692	ok=1	T=1.000000
Step = 4530000	E=30.729739	ok=1	T=1.000000
Step = 4540000	E=15.445479	ok=0	T=1.000000
Step = 4550000	E=10.524419	ok=0	T=1.000000
Step = 4560000	E=13.982948	ok=1	T=1.000000
Step = 4570000	E=22.788404	ok=1	T=1.000000
Step = 4580000	E=26.150281	ok=1	T=1.000000
Step = 4590000	E=25.818772	ok=1	T=1.000000
Step = 4600000	E=26.867386	ok=1	T=1.000000
Step = 4610000	E=24.363001	ok=1	T=1.000000
Step = 4620000	E=24.515750	ok=1	T=1.000000
Step = 4630000	E=30.817223	ok=1	T=1.000000
Step = 4640000	E=31.096056	ok=1	T=1.000000
Step = 4650000	E=29.632613	ok=1	T=1.000000
Step = 4660000	E=37.203628	ok=1	T=1.000000
Step = 4670000	E=36.218402	ok=1	T=1.000000
Step = 4680000	E=37.306277	ok=1	T=1.000000
Step = 4690000	E=38.326021	ok=1	T=1.000000
Step = 4700000	E=36.721967	ok=1	T=1.000000
Step = 4710000	E=41.001085	ok=1	T=1.000000
Step = 4720000	E=37.791709	ok=1	T=1.000000
Step = 4730000	E=40.424484	ok=1	T=1.000000
Step = 4740000	E=44.330817	ok=1	T=1.000000
Step = 4750000	E=43.037494	ok=1	T=1.000000
Step = 4760000	E=43.751354	ok=1	T=1.000000
Step = 4770000	E=42.285104	ok=1	T=1.000000
Step = 4780000	E=47.160675	ok=1	T=1.000000
Step = 4790000	E=45.485665	ok=1	T=1.000000
Step = 4800000	E=39.070674	ok=1	T=1.000000
Step = 4810000	E=41.349923	ok=1	T=1.000000
Step = 4820000	E=32.054800	ok=1	T=1.000000
Step = 4830000	E=32.618651	ok=1	T=1.000000
Step = 4840000	E=30.538414	ok=1	T=1.000000
Step = 4850000	E=27.331675	ok=1	T=1.000000
Step = 4860000	E=25.726997	ok=1	T=1.000000
Step = 4870000	E=28.970288	ok=1	T=1.000000
Step = 4880000	E=23.904277	ok=1	T=1.000000
Step = 4890000	E=26.828428	ok=1	T=1.000000
Step = 4900000	E=31.552839	ok=1	T=1.000000
Step = 4910000	E=30.281267	ok=1	T=1.000000
Step = 4920000	E=27.886528	ok=1	T=1.000000
Step = 4930000	E=29.015724	ok=1	T=1.000000
Step = 4940000	E=32.842678	ok=1	T=1.000000
Step = 4950000	E=23.843458	ok=1	T=1.000000
Step = 4960000	E=21.287569	ok=1	T=1.000000
Step = 4970000	E=28.855873	ok=1	T=1.000000
Step = 4980000	E=32.734971	ok=1	T=1.000000
Step = 4990000	E=32.247537	ok=1	T=1.000000
